# JRE version: OpenJDK Runtime Environment (8.0_152-b01) (build 1.8.0_152-release-1248-b01)
# Java VM: OpenJDK 64-Bit Server VM (25.152-b01 mixed mode linux-amd64 compressed oops)
Heap:
 PSYoungGen      total 70144K, used 7304K [0x00000000e0000000, 0x00000000e4d00000, 0x0000000100000000)
  eden space 62464K, 0% used [0x00000000e0000000,0x00000000e0000000,0x00000000e3d00000)
  from space 7680K, 95% used [0x00000000e3d00000,0x00000000e4422140,0x00000000e4480000)
  to   space 6656K, 0% used [0x00000000e4480000,0x00000000e4480000,0x00000000e4b00000)
 ParOldGen       total 42496K, used 6980K [0x00000000a0000000, 0x00000000a2980000, 0x00000000e0000000)
  object space 42496K, 16% used [0x00000000a0000000,0x00000000a06d13a0,0x00000000a2980000)
 Metaspace       used 20823K, capacity 21274K, committed 21296K, reserved 1067008K
  class space    used 2937K, capacity 3118K, committed 3120K, reserved 1048576K
GC Heap History (10 events):
Event: 0,900 GC heap after
Heap after GC invocations=2 (full 0):
 PSYoungGen      total 18432K, used 2496K [0x00000000e0000000, 0x00000000e2400000, 0x0000000100000000)
  eden space 15872K, 0% used [0x00000000e0000000,0x00000000e0000000,0x00000000e0f80000)
  from space 2560K, 97% used [0x00000000e1200000,0x00000000e1470020,0x00000000e1480000)
  to   space 2560K, 0% used [0x00000000e0f80000,0x00000000e0f80000,0x00000000e1200000)
 ParOldGen       total 42496K, used 172K [0x00000000a0000000, 0x00000000a2980000, 0x00000000e0000000)
  object space 42496K, 0% used [0x00000000a0000000,0x00000000a002b350,0x00000000a2980000)
 Metaspace       used 6372K, capacity 6478K, committed 6784K, reserved 1056768K
  class space    used 786K, capacity 843K, committed 896K, reserved 1048576K
}
Event: 1,078 GC heap before
{Heap before GC invocations=3 (full 0):
 PSYoungGen      total 18432K, used 18368K [0x00000000e0000000, 0x00000000e2400000, 0x0000000100000000)
  eden space 15872K, 100% used [0x00000000e0000000,0x00000000e0f80000,0x00000000e0f80000)
  from space 2560K, 97% used [0x00000000e1200000,0x00000000e1470020,0x00000000e1480000)
  to   space 2560K, 0% used [0x00000000e0f80000,0x00000000e0f80000,0x00000000e1200000)
 ParOldGen       total 42496K, used 172K [0x00000000a0000000, 0x00000000a2980000, 0x00000000e0000000)
  object space 42496K, 0% used [0x00000000a0000000,0x00000000a002b350,0x00000000a2980000)
 Metaspace       used 6632K, capacity 6792K, committed 7040K, reserved 1056768K
  class space    used 829K, capacity 884K, committed 896K, reserved 1048576K
Event: 1,084 GC heap after
Heap after GC invocations=3 (full 0):
 PSYoungGen      total 18432K, used 2544K [0x00000000e0000000, 0x00000000e2400000, 0x0000000100000000)
  eden space 15872K, 0% used [0x00000000e0000000,0x00000000e0000000,0x00000000e0f80000)
  from space 2560K, 99% used [0x00000000e0f80000,0x00000000e11fc010,0x00000000e1200000)
  to   space 2560K, 0% used [0x00000000e2180000,0x00000000e2180000,0x00000000e2400000)
 ParOldGen       total 42496K, used 423K [0x00000000a0000000, 0x00000000a2980000, 0x00000000e0000000)
  object space 42496K, 0% used [0x00000000a0000000,0x00000000a0069e58,0x00000000a2980000)
 Metaspace       used 6632K, capacity 6792K, committed 7040K, reserved 1056768K
  class space    used 829K, capacity 884K, committed 896K, reserved 1048576K
}
Event: 1,402 GC heap before
{Heap before GC invocations=4 (full 0):
 PSYoungGen      total 18432K, used 18416K [0x00000000e0000000, 0x00000000e2400000, 0x0000000100000000)
  eden space 15872K, 100% used [0x00000000e0000000,0x00000000e0f80000,0x00000000e0f80000)
  from space 2560K, 99% used [0x00000000e0f80000,0x00000000e11fc010,0x00000000e1200000)
  to   space 2560K, 0% used [0x00000000e2180000,0x00000000e2180000,0x00000000e2400000)
 ParOldGen       total 42496K, used 423K [0x00000000a0000000, 0x00000000a2980000, 0x00000000e0000000)
  object space 42496K, 0% used [0x00000000a0000000,0x00000000a0069e58,0x00000000a2980000)
 Metaspace       used 9820K, capacity 10050K, committed 10368K, reserved 1058816K
  class space    used 1317K, capacity 1389K, committed 1408K, reserved 1048576K
Event: 1,411 GC heap after
Heap after GC invocations=4 (full 0):
 PSYoungGen      total 34304K, used 2544K [0x00000000e0000000, 0x00000000e2400000, 0x0000000100000000)
  eden space 31744K, 0% used [0x00000000e0000000,0x00000000e0000000,0x00000000e1f00000)
  from space 2560K, 99% used [0x00000000e2180000,0x00000000e23fc010,0x00000000e2400000)
  to   space 2560K, 0% used [0x00000000e1f00000,0x00000000e1f00000,0x00000000e2180000)
 ParOldGen       total 42496K, used 2264K [0x00000000a0000000, 0x00000000a2980000, 0x00000000e0000000)
  object space 42496K, 5% used [0x00000000a0000000,0x00000000a02361c0,0x00000000a2980000)
 Metaspace       used 9820K, capacity 10050K, committed 10368K, reserved 1058816K
  class space    used 1317K, capacity 1389K, committed 1408K, reserved 1048576K
}
Event: 1,970 GC heap before
{Heap before GC invocations=5 (full 0):
 PSYoungGen      total 34304K, used 34288K [0x00000000e0000000, 0x00000000e2400000, 0x0000000100000000)
  eden space 31744K, 100% used [0x00000000e0000000,0x00000000e1f00000,0x00000000e1f00000)
  from space 2560K, 99% used [0x00000000e2180000,0x00000000e23fc010,0x00000000e2400000)
  to   space 2560K, 0% used [0x00000000e1f00000,0x00000000e1f00000,0x00000000e2180000)
 ParOldGen       total 42496K, used 2264K [0x00000000a0000000, 0x00000000a2980000, 0x00000000e0000000)
  object space 42496K, 5% used [0x00000000a0000000,0x00000000a02361c0,0x00000000a2980000)
 Metaspace       used 13142K, capacity 13446K, committed 13568K, reserved 1060864K
  class space    used 1863K, capacity 1993K, committed 2048K, reserved 1048576K
Event: 1,984 GC heap after
Heap after GC invocations=5 (full 0):
 PSYoungGen      total 34304K, used 2528K [0x00000000e0000000, 0x00000000e4b00000, 0x0000000100000000)
  eden space 31744K, 0% used [0x00000000e0000000,0x00000000e0000000,0x00000000e1f00000)
  from space 2560K, 98% used [0x00000000e1f00000,0x00000000e2178030,0x00000000e2180000)
  to   space 6656K, 0% used [0x00000000e4480000,0x00000000e4480000,0x00000000e4b00000)
 ParOldGen       total 42496K, used 6084K [0x00000000a0000000, 0x00000000a2980000, 0x00000000e0000000)
  object space 42496K, 14% used [0x00000000a0000000,0x00000000a05f1360,0x00000000a2980000)
 Metaspace       used 13142K, capacity 13446K, committed 13568K, reserved 1060864K
  class space    used 1863K, capacity 1993K, committed 2048K, reserved 1048576K
}
Event: 2,882 GC heap before
{Heap before GC invocations=6 (full 0):
 PSYoungGen      total 34304K, used 34272K [0x00000000e0000000, 0x00000000e4b00000, 0x0000000100000000)
  eden space 31744K, 100% used [0x00000000e0000000,0x00000000e1f00000,0x00000000e1f00000)
  from space 2560K, 98% used [0x00000000e1f00000,0x00000000e2178030,0x00000000e2180000)
  to   space 6656K, 0% used [0x00000000e4480000,0x00000000e4480000,0x00000000e4b00000)
 ParOldGen       total 42496K, used 6084K [0x00000000a0000000, 0x00000000a2980000, 0x00000000e0000000)
  object space 42496K, 14% used [0x00000000a0000000,0x00000000a05f1360,0x00000000a2980000)
 Metaspace       used 16177K, capacity 16502K, committed 16640K, reserved 1062912K
  class space    used 2342K, capacity 2483K, committed 2560K, reserved 1048576K
Event: 2,902 GC heap after
Heap after GC invocations=6 (full 0):
 PSYoungGen      total 69120K, used 6261K [0x00000000e0000000, 0x00000000e4d00000, 0x0000000100000000)
  eden space 62464K, 0% used [0x00000000e0000000,0x00000000e0000000,0x00000000e3d00000)
  from space 6656K, 94% used [0x00000000e4480000,0x00000000e4a9d518,0x00000000e4b00000)
  to   space 7680K, 0% used [0x00000000e3d00000,0x00000000e3d00000,0x00000000e4480000)
 ParOldGen       total 42496K, used 6092K [0x00000000a0000000, 0x00000000a2980000, 0x00000000e0000000)
  object space 42496K, 14% used [0x00000000a0000000,0x00000000a05f3360,0x00000000a2980000)
 Metaspace       used 16177K, capacity 16502K, committed 16640K, reserved 1062912K
  class space    used 2342K, capacity 2483K, committed 2560K, reserved 1048576K
}
Event: 3,840 GC heap before
{Heap before GC invocations=7 (full 0):
 PSYoungGen      total 69120K, used 40324K [0x00000000e0000000, 0x00000000e4d00000, 0x0000000100000000)
  eden space 62464K, 54% used [0x00000000e0000000,0x00000000e2143c20,0x00000000e3d00000)
  from space 6656K, 94% used [0x00000000e4480000,0x00000000e4a9d518,0x00000000e4b00000)
  to   space 7680K, 0% used [0x00000000e3d00000,0x00000000e3d00000,0x00000000e4480000)
 ParOldGen       total 42496K, used 6092K [0x00000000a0000000, 0x00000000a2980000, 0x00000000e0000000)
  object space 42496K, 14% used [0x00000000a0000000,0x00000000a05f3360,0x00000000a2980000)
 Metaspace       used 20823K, capacity 21274K, committed 21296K, reserved 1067008K
  class space    used 2937K, capacity 3118K, committed 3120K, reserved 1048576K

